#
# A fatal error has been detected by the Java Runtime Environment:
#
#  EXCEPTION_ACCESS_VIOLATION (0xc0000005) at pc=0x00007ffdd0d1bbdf, pid=9436, tid=2112
#
# JRE version: Java(TM) SE Runtime Environment (8.0_25-b18) (build 1.8.0_25-b18)
# Java VM: Java HotSpot(TM) 64-Bit Server VM (25.25-b02 mixed mode windows-amd64 compressed oops)
# Problematic frame:
# C  [ntdll.dll+0x3bbdf]
#
# Failed to write core dump. Minidumps are not enabled by default on client versions of Windows
#
# If you would like to submit a bug report, please visit:
#   http://bugreport.sun.com/bugreport/crash.jsp
# The crash happened outside the Java Virtual Machine in native code.
# See problematic frame for where to report the bug.
#

---------------  T H R E A D  ---------------

Current thread (0x000000001c3e1800):  JavaThread "Thread-3" [_thread_in_native, id=2112, stack(0x0000000023770000,0x0000000023870000)]

siginfo: ExceptionCode=0xc0000005, writing address 0x0000000000000024

Registers:
RAX=0x0000000000000000, RBX=0x00000000009c9888, RCX=0x00000000009c9888, RDX=0xffffffffffffffff
RSP=0x000000002386ec70, RBP=0x000000002386ece0, RSI=0x0000000000000000, RDI=0x0000000000000000
R8 =0x0000000000000000, R9 =0x0000000000000000, R10=0x00000000190a3f00, R11=0x000000001b36b9d8
R12=0x0000000000000000, R13=0x00000000193de968, R14=0x0000000000000001, R15=0x0000000000000000
RIP=0x00007ffdd0d1bbdf, EFLAGS=0x0000000000010213

Top of Stack: (sp=0x000000002386ec70)
0x000000002386ec70:   ffffffffffffffff 00000000009c9888
0x000000002386ec80:   000000002386ef08 00000000193de968
0x000000002386ec90:   0000000000000000 000000001c3e19e8
0x000000002386eca0:   000000002386ed98 0000000000765000
0x000000002386ecb0:   000000002386ef08 0000000053718981
0x000000002386ecc0:   00005cb0c9be3161 0000000053680657
0x000000002386ecd0:   0000000000000012 0000000000000002
0x000000002386ece0:   000000001c3e1800 0000000000000001
0x000000002386ecf0:   00000000193de968 0000000000000000
0x000000002386ed00:   0000000000000000 000000001b0df200
0x000000002386ed10:   0000000000000001 00007ffdd0cf4571
0x000000002386ed20:   0000000019487000 00000000009c9888
0x000000002386ed30:   00000000fffffffa 00000000537ce355
0x000000002386ed40:   000000002386ef08 00007ffdd0cf4490
0x000000002386ed50:   000000002386edd0 0000000000010001
0x000000002386ed60:   000000001b0df210 0000000000000000 

Instructions: (pc=0x00007ffdd0d1bbdf)
0x00007ffdd0d1bbbf:   0f 45 fe 48 39 73 18 0f 84 9e 01 00 00 48 83 3b
0x00007ffdd0d1bbcf:   ff 0f 84 a1 01 00 00 48 8b 03 48 83 f8 ff 74 03
0x00007ffdd0d1bbdf:   ff 40 24 48 8b 7b 18 44 8b ee 48 89 7d c0 e8 ee
0x00007ffdd0d1bbef:   57 ff ff 85 c0 0f 85 e2 fe 07 00 b9 82 03 fe 7f 


Register to memory mapping:

RAX=0x0000000000000000 is an unknown value
RBX=0x00000000009c9888 is an unknown value
RCX=0x00000000009c9888 is an unknown value
RDX=0xffffffffffffffff is an unknown value
RSP=0x000000002386ec70 is pointing into the stack for thread: 0x000000001c3e1800
RBP=0x000000002386ece0 is pointing into the stack for thread: 0x000000001c3e1800
RSI=0x0000000000000000 is an unknown value
RDI=0x0000000000000000 is an unknown value
R8 =0x0000000000000000 is an unknown value
R9 =0x0000000000000000 is an unknown value
R10={method} {0x00000000190a3f08} 'addRecord' '(Ljava/lang/Object;JJ)V' in 'sun/java2d/Disposer'
R11=0x000000001b36b9d8 is an unknown value
R12=0x0000000000000000 is an unknown value
R13={method} {0x00000000193de970} 'initOps' '(III)V' in 'sun/java2d/d3d/D3DSurfaceData'
R14=0x0000000000000001 is an unknown value
R15=0x0000000000000000 is an unknown value


Stack: [0x0000000023770000,0x0000000023870000],  sp=0x000000002386ec70,  free space=1019k
Native frames: (J=compiled Java code, j=interpreted, Vv=VM code, C=native code)
C  [ntdll.dll+0x3bbdf]
C  [ntdll.dll+0x14571]
C  [ntdll.dll+0x14490]
C  0x00007ffd9ac125bb

Java frames: (J=compiled Java code, j=interpreted, Vv=VM code)
j  sun.java2d.d3d.D3DSurfaceData.initOps(III)V+0
j  sun.java2d.d3d.D3DSurfaceData.<init>(Lsun/awt/windows/WComponentPeer;Lsun/java2d/d3d/D3DGraphicsConfig;IILjava/awt/Image;Ljava/awt/image/ColorModel;IILsun/java2d/pipe/hw/ExtendedBufferCapabilities$VSyncType;I)V+76
j  sun.java2d.d3d.D3DSurfaceData.createData(Lsun/awt/windows/WComponentPeer;Ljava/awt/Image;)Lsun/java2d/d3d/D3DSurfaceData;+117
j  sun.java2d.d3d.D3DVolatileSurfaceManager.initAcceleratedSurface()Lsun/java2d/SurfaceData;+59
j  sun.java2d.d3d.D3DVolatileSurfaceManager.restoreAcceleratedSurface()V+62
j  sun.awt.image.VolatileSurfaceManager.validate(Ljava/awt/GraphicsConfiguration;)I+94
j  sun.awt.image.SunVolatileImage.validate(Ljava/awt/GraphicsConfiguration;)I+5
j  java.awt.Component$FlipBufferStrategy.revalidate(Z)V+82
j  java.awt.Component$FlipBufferStrategy.revalidate()V+2
j  java.awt.Component$FlipBufferStrategy.getDrawGraphics()Ljava/awt/Graphics;+1
j  com.Engine.engine.Game.render()V+16
J 1018% C2 com.Engine.engine.Game.GameLoop()V (172 bytes) @ 0x00000000029880cc [0x0000000002987f80+0x14c]
j  com.Engine.engine.Game.run()V+1
j  java.lang.Thread.run()V+11
v  ~StubRoutines::call_stub

---------------  P R O C E S S  ---------------

Java Threads: ( => current thread )
  0x000000001c3e3800 JavaThread "Thread-0" daemon [_thread_in_native, id=10176, stack(0x0000000025870000,0x0000000025970000)]
  0x000000001c3e0000 JavaThread "DestroyJavaVM" [_thread_blocked, id=7720, stack(0x00000000023d0000,0x00000000024d0000)]
=>0x000000001c3e1800 JavaThread "Thread-3" [_thread_in_native, id=2112, stack(0x0000000023770000,0x0000000023870000)]
  0x000000001c3e4800 JavaThread "AWT-EventQueue-0" [_thread_blocked, id=7464, stack(0x0000000022030000,0x0000000022130000)]
  0x000000001c3e0800 JavaThread "Image Fetcher 0" daemon [_thread_blocked, id=5620, stack(0x0000000021f30000,0x0000000022030000)]
  0x000000001bf11000 JavaThread "AWT-Shutdown" [_thread_blocked, id=4140, stack(0x000000001d2f0000,0x000000001d3f0000)]
  0x000000001b34c000 JavaThread "Java2D Disposer" daemon [_thread_blocked, id=5884, stack(0x000000001b9d0000,0x000000001bad0000)]
  0x00000000196ed800 JavaThread "Service Thread" daemon [_thread_blocked, id=3360, stack(0x000000001b3f0000,0x000000001b4f0000)]
  0x0000000019697800 JavaThread "C1 CompilerThread2" daemon [_thread_blocked, id=10796, stack(0x000000001aef0000,0x000000001aff0000)]
  0x0000000019691000 JavaThread "C2 CompilerThread1" daemon [_thread_blocked, id=6600, stack(0x000000001adf0000,0x000000001aef0000)]
  0x000000001968e000 JavaThread "C2 CompilerThread0" daemon [_thread_blocked, id=1180, stack(0x000000001acf0000,0x000000001adf0000)]
  0x000000001968d000 JavaThread "Attach Listener" daemon [_thread_blocked, id=5792, stack(0x000000001abf0000,0x000000001acf0000)]
  0x000000001968b800 JavaThread "Signal Dispatcher" daemon [_thread_blocked, id=8372, stack(0x000000001aaf0000,0x000000001abf0000)]
  0x00000000025d9000 JavaThread "Finalizer" daemon [_thread_blocked, id=8292, stack(0x000000001a8f0000,0x000000001a9f0000)]
  0x00000000025d0800 JavaThread "Reference Handler" daemon [_thread_blocked, id=2752, stack(0x000000001a7f0000,0x000000001a8f0000)]

Other Threads:
  0x0000000019656800 VMThread [stack: 0x000000001a6f0000,0x000000001a7f0000] [id=10624]
  0x000000001b023800 WatcherThread [stack: 0x000000001b4f0000,0x000000001b5f0000] [id=2264]

VM state:not at safepoint (normal execution)

VM Mutex/Monitor currently owned by a thread: None

Heap:
 PSYoungGen      total 57344K, used 15046K [0x0000000780780000, 0x0000000784780000, 0x00000007c0000000)
  eden space 49152K, 23% used [0x0000000780780000,0x00000007812eda18,0x0000000783780000)
  from space 8192K, 40% used [0x0000000783f80000,0x00000007842c4020,0x0000000784780000)
  to   space 8192K, 0% used [0x0000000783780000,0x0000000783780000,0x0000000783f80000)
 ParOldGen       total 131072K, used 24K [0x0000000701600000, 0x0000000709600000, 0x0000000780780000)
  object space 131072K, 0% used [0x0000000701600000,0x0000000701606000,0x0000000709600000)
 Metaspace       used 10425K, capacity 10546K, committed 10752K, reserved 1058816K
  class space    used 1182K, capacity 1219K, committed 1280K, reserved 1048576K

Card table byte_map: [0x00000000119a0000,0x0000000011fa0000] byte_map_base: 0x000000000e195000

Marking Bits: (ParMarkBitMap*) 0x0000000053dad490
 Begin Bits: [0x00000000127a0000, 0x0000000015748000)
 End Bits:   [0x0000000015748000, 0x00000000186f0000)

Polling page: 0x0000000000930000

CodeCache: size=245760Kb used=4229Kb max_used=4229Kb free=241530Kb
 bounds [0x00000000025e0000, 0x0000000002a10000, 0x00000000115e0000]
 total_blobs=1631 nmethods=1151 adapters=394
 compilation: enabled

Compilation events (10 events):
Event: 4.173 Thread 0x0000000019697800 1148   !   3       sun.java2d.SunGraphics2D::validateCompClip (224 bytes)
Event: 4.174 Thread 0x0000000019697800 nmethod 1148 0x00000000029f3390 code [0x00000000029f36c0, 0x00000000029f5668]
Event: 4.174 Thread 0x0000000019697800 1149       3       sun.java2d.SunGraphics2D::dispose (12 bytes)
Event: 4.174 Thread 0x0000000019697800 nmethod 1149 0x00000000029f2f50 code [0x00000000029f30c0, 0x00000000029f32e8]
Event: 4.223 Thread 0x0000000019697800 1150       3       sun.awt.windows.WComponentPeer::getGraphicsConfiguration (23 bytes)
Event: 4.224 Thread 0x0000000019697800 nmethod 1150 0x00000000029f2590 code [0x00000000029f2720, 0x00000000029f2db0]
Event: 4.239 Thread 0x0000000019697800 1151       3       java.awt.Color::getAlpha (12 bytes)
Event: 4.239 Thread 0x0000000019697800 nmethod 1151 0x00000000029f21d0 code [0x00000000029f2320, 0x00000000029f2510]
Event: 4.423 Thread 0x0000000019697800 1152       3       sun.java2d.d3d.D3DSurfaceData::getBounds (52 bytes)
Event: 4.423 Thread 0x0000000019697800 nmethod 1152 0x0000000002a04090 code [0x0000000002a04260, 0x0000000002a04ac8]

GC Heap History (4 events):
Event: 1.756 GC heap before
{Heap before GC invocations=1 (full 0):
 PSYoungGen      total 57344K, used 49152K [0x0000000780780000, 0x0000000784780000, 0x00000007c0000000)
  eden space 49152K, 100% used [0x0000000780780000,0x0000000783780000,0x0000000783780000)
  from space 8192K, 0% used [0x0000000783f80000,0x0000000783f80000,0x0000000784780000)
  to   space 8192K, 0% used [0x0000000783780000,0x0000000783780000,0x0000000783f80000)
 ParOldGen       total 131072K, used 0K [0x0000000701600000, 0x0000000709600000, 0x0000000780780000)
  object space 131072K, 0% used [0x0000000701600000,0x0000000701600000,0x0000000709600000)
 Metaspace       used 10290K, capacity 10418K, committed 10496K, reserved 1058816K
  class space    used 1179K, capacity 1219K, committed 1280K, reserved 1048576K
Event: 1.759 GC heap after
Heap after GC invocations=1 (full 0):
 PSYoungGen      total 57344K, used 3296K [0x0000000780780000, 0x0000000784780000, 0x00000007c0000000)
  eden space 49152K, 0% used [0x0000000780780000,0x0000000780780000,0x0000000783780000)
  from space 8192K, 40% used [0x0000000783780000,0x0000000783ab8030,0x0000000783f80000)
  to   space 8192K, 0% used [0x0000000783f80000,0x0000000783f80000,0x0000000784780000)
 ParOldGen       total 131072K, used 16K [0x0000000701600000, 0x0000000709600000, 0x0000000780780000)
  object space 131072K, 0% used [0x0000000701600000,0x0000000701604000,0x0000000709600000)
 Metaspace       used 10290K, capacity 10418K, committed 10496K, reserved 1058816K
  class space    used 1179K, capacity 1219K, committed 1280K, reserved 1048576K
}
Event: 3.990 GC heap before
{Heap before GC invocations=2 (full 0):
 PSYoungGen      total 57344K, used 52448K [0x0000000780780000, 0x0000000784780000, 0x00000007c0000000)
  eden space 49152K, 100% used [0x0000000780780000,0x0000000783780000,0x0000000783780000)
  from space 8192K, 40% used [0x0000000783780000,0x0000000783ab8030,0x0000000783f80000)
  to   space 8192K, 0% used [0x0000000783f80000,0x0000000783f80000,0x0000000784780000)
 ParOldGen       total 131072K, used 16K [0x0000000701600000, 0x0000000709600000, 0x0000000780780000)
  object space 131072K, 0% used [0x0000000701600000,0x0000000701604000,0x0000000709600000)
 Metaspace       used 10402K, capacity 10546K, committed 10752K, reserved 1058816K
  class space    used 1179K, capacity 1219K, committed 1280K, reserved 1048576K
Event: 3.992 GC heap after
Heap after GC invocations=2 (full 0):
 PSYoungGen      total 57344K, used 3344K [0x0000000780780000, 0x0000000784780000, 0x00000007c0000000)
  eden space 49152K, 0% used [0x0000000780780000,0x0000000780780000,0x0000000783780000)
  from space 8192K, 40% used [0x0000000783f80000,0x00000007842c4020,0x0000000784780000)
  to   space 8192K, 0% used [0x0000000783780000,0x0000000783780000,0x0000000783f80000)
 ParOldGen       total 131072K, used 24K [0x0000000701600000, 0x0000000709600000, 0x0000000780780000)
  object space 131072K, 0% used [0x0000000701600000,0x0000000701606000,0x0000000709600000)
 Metaspace       used 10402K, capacity 10546K, committed 10752K, reserved 1058816K
  class space    used 1179K, capacity 1219K, committed 1280K, reserved 1048576K
}

Deoptimization events (10 events):
Event: 0.521 Thread 0x00000000024e0800 Uncommon trap: reason=class_check action=maybe_recompile pc=0x000000000286a3e4 method=java.util.HashSet.add(Ljava/lang/Object;)Z @ 8
Event: 0.521 Thread 0x00000000024e0800 Uncommon trap: reason=class_check action=maybe_recompile pc=0x000000000286a3e4 method=java.util.HashSet.add(Ljava/lang/Object;)Z @ 8
Event: 0.521 Thread 0x00000000024e0800 Uncommon trap: reason=class_check action=maybe_recompile pc=0x000000000286a3e4 method=java.util.HashSet.add(Ljava/lang/Object;)Z @ 8
Event: 0.521 Thread 0x00000000024e0800 Uncommon trap: reason=class_check action=maybe_recompile pc=0x000000000286a3e4 method=java.util.HashSet.add(Ljava/lang/Object;)Z @ 8
Event: 0.521 Thread 0x00000000024e0800 Uncommon trap: reason=class_check action=maybe_recompile pc=0x000000000286fcec method=java.util.HashMap.putVal(ILjava/lang/Object;Ljava/lang/Object;ZZ)Ljava/lang/Object; @ 253
Event: 0.521 Thread 0x00000000024e0800 Uncommon trap: reason=class_check action=maybe_recompile pc=0x000000000286fcec method=java.util.HashMap.putVal(ILjava/lang/Object;Ljava/lang/Object;ZZ)Ljava/lang/Object; @ 253
Event: 0.526 Thread 0x00000000024e0800 Uncommon trap: reason=unreached action=reinterpret pc=0x000000000287a268 method=java.lang.ThreadLocal.get()Ljava/lang/Object; @ 21
Event: 1.589 Thread 0x000000001c3e1800 Uncommon trap: reason=predicate action=maybe_recompile pc=0x00000000028d7c78 method=com.Engine.engine.Game.GameLoop()V @ 71
Event: 4.160 Thread 0x000000001c3e4800 Uncommon trap: reason=class_check action=maybe_recompile pc=0x00000000029fd448 method=java.awt.EventQueue.coalesceEvent(Ljava/awt/AWTEvent;I)Z @ 32
Event: 4.464 Thread 0x000000001c3e4800 Uncommon trap: reason=class_check action=maybe_recompile pc=0x00000000029fd448 method=java.awt.EventQueue.coalesceEvent(Ljava/awt/AWTEvent;I)Z @ 32

Internal exceptions (10 events):
Event: 0.107 Thread 0x00000000024e0800 Exception <a 'java/lang/NoSuchFieldError': method resolution failed> (0x0000000780aa90f0) thrown at [D:\re\workspace\8-2-build-windows-amd64-cygwin\jdk8u25\1677\hotspot\src\share\vm\prims\methodHandles.cpp, line 1159]
Event: 0.108 Thread 0x00000000024e0800 Exception <a 'java/lang/NoSuchFieldError': method resolution failed> (0x0000000780ab7e48) thrown at [D:\re\workspace\8-2-build-windows-amd64-cygwin\jdk8u25\1677\hotspot\src\share\vm\prims\methodHandles.cpp, line 1159]
Event: 0.109 Thread 0x00000000024e0800 Exception <a 'java/lang/NoSuchFieldError': method resolution failed> (0x0000000780abb138) thrown at [D:\re\workspace\8-2-build-windows-amd64-cygwin\jdk8u25\1677\hotspot\src\share\vm\prims\methodHandles.cpp, line 1159]
Event: 0.466 Thread 0x00000000024e0800 Implicit null exception at 0x0000000002817d5b to 0x0000000002817e3d
Event: 0.515 Thread 0x00000000024e0800 Implicit null exception at 0x00000000027ee274 to 0x00000000027ee2e9
Event: 0.588 Thread 0x00000000024e0800 Exception <a 'java/security/PrivilegedActionException'> (0x0000000781ee6350) thrown at [D:\re\workspace\8-2-build-windows-amd64-cygwin\jdk8u25\1677\hotspot\src\share\vm\prims\jvm.cpp, line 1312]
Event: 0.589 Thread 0x00000000024e0800 Exception <a 'java/security/PrivilegedActionException'> (0x0000000781ee8700) thrown at [D:\re\workspace\8-2-build-windows-amd64-cygwin\jdk8u25\1677\hotspot\src\share\vm\prims\jvm.cpp, line 1312]
Event: 0.623 Thread 0x000000001c3e1800 Exception <a 'java/security/PrivilegedActionException'> (0x0000000782078cb8) thrown at [D:\re\workspace\8-2-build-windows-amd64-cygwin\jdk8u25\1677\hotspot\src\share\vm\prims\jvm.cpp, line 1312]
Event: 0.623 Thread 0x000000001c3e1800 Exception <a 'java/security/PrivilegedActionException'> (0x000000078207ac18) thrown at [D:\re\workspace\8-2-build-windows-amd64-cygwin\jdk8u25\1677\hotspot\src\share\vm\prims\jvm.cpp, line 1312]
Event: 0.625 Thread 0x000000001c3e1800 Exception <a 'java/security/PrivilegedActionException'> (0x0000000782095bf8) thrown at [D:\re\workspace\8-2-build-windows-amd64-cygwin\jdk8u25\1677\hotspot\src\share\vm\prims\jvm.cpp, line 1312]

Events (10 events):
Event: 4.464 Thread 0x000000001c3e3000 Thread added: 0x000000001c3e3000
Event: 4.464 Thread 0x000000001c3e2000 Thread exited: 0x000000001c3e2000
Event: 4.464 Thread 0x000000001c3de800 Thread exited: 0x000000001c3de800
Event: 4.464 loading class java/util/WeakHashMap$KeyIterator
Event: 4.464 loading class java/util/WeakHashMap$HashIterator
Event: 4.464 loading class java/util/WeakHashMap$HashIterator done
Event: 4.464 loading class sun/java2d/pipe/hw/AccelDeviceEventNotifier
Event: 4.464 loading class java/util/WeakHashMap$KeyIterator done
Event: 4.464 loading class sun/java2d/pipe/hw/AccelDeviceEventNotifier done
Event: 4.464 Thread 0x000000001c3e3000 Thread exited: 0x000000001c3e3000


Dynamic libraries:
0x00007ff706440000 - 0x00007ff706474000 	C:\Program Files\Java\jdk1.8.0_25\bin\javaw.exe
0x00007ffdd0ce0000 - 0x00007ffdd0ebb000 	C:\WINDOWS\SYSTEM32\ntdll.dll
0x00007ffdac860000 - 0x00007ffdac893000 	C:\Program Files\AVAST Software\Avast\x64\aswhooka.dll
0x00007ffdd0b40000 - 0x00007ffdd0bee000 	C:\WINDOWS\System32\KERNEL32.DLL
0x00007ffdcddd0000 - 0x00007ffdce019000 	C:\WINDOWS\System32\KERNELBASE.dll
0x00007ffdcfdd0000 - 0x00007ffdcfe71000 	C:\WINDOWS\System32\ADVAPI32.dll
0x00007ffdd0300000 - 0x00007ffdd039d000 	C:\WINDOWS\System32\msvcrt.dll
0x00007ffdce7b0000 - 0x00007ffdce809000 	C:\WINDOWS\System32\sechost.dll
0x00007ffdce3a0000 - 0x00007ffdce4c5000 	C:\WINDOWS\System32\RPCRT4.dll
0x00007ffdce250000 - 0x00007ffdce39a000 	C:\WINDOWS\System32\USER32.dll
0x00007ffdcddb0000 - 0x00007ffdcddce000 	C:\WINDOWS\System32\win32u.dll
0x00007ffdcfe80000 - 0x00007ffdcfea7000 	C:\WINDOWS\System32\GDI32.dll
0x00007ffdcdbc0000 - 0x00007ffdcdd47000 	C:\WINDOWS\System32\gdi32full.dll
0x00007ffdcdad0000 - 0x00007ffdcdb6a000 	C:\WINDOWS\System32\msvcp_win.dll
0x00007ffdce140000 - 0x00007ffdce236000 	C:\WINDOWS\System32\ucrtbase.dll
0x00007ffdc31d0000 - 0x00007ffdc3437000 	C:\WINDOWS\WinSxS\amd64_microsoft.windows.common-controls_6595b64144ccf1df_6.0.15063.483_none_26002d27e7c744a2\COMCTL32.dll
0x00007ffdd0000000 - 0x00007ffdd02f9000 	C:\WINDOWS\System32\combase.dll
0x00007ffdce020000 - 0x00007ffdce08a000 	C:\WINDOWS\System32\bcryptPrimitives.dll
0x00007ffdce5e0000 - 0x00007ffdce60d000 	C:\WINDOWS\System32\IMM32.DLL
0x0000000053e30000 - 0x0000000053f02000 	C:\Program Files\Java\jdk1.8.0_25\jre\bin\msvcr100.dll
0x00000000535d0000 - 0x0000000053e2a000 	C:\Program Files\Java\jdk1.8.0_25\jre\bin\server\jvm.dll
0x00007ffdce4d0000 - 0x00007ffdce4d8000 	C:\WINDOWS\System32\PSAPI.DLL
0x00007ffdc53a0000 - 0x00007ffdc53a9000 	C:\WINDOWS\SYSTEM32\WSOCK32.dll
0x00007ffdd0bf0000 - 0x00007ffdd0c5c000 	C:\WINDOWS\System32\WS2_32.dll
0x00007ffdcb780000 - 0x00007ffdcb7a3000 	C:\WINDOWS\SYSTEM32\WINMM.dll
0x00007ffdcb560000 - 0x00007ffdcb58b000 	C:\WINDOWS\SYSTEM32\WINMMBASE.dll
0x00007ffdcdb70000 - 0x00007ffdcdbb9000 	C:\WINDOWS\System32\cfgmgr32.dll
0x0000000054930000 - 0x000000005493f000 	C:\Program Files\Java\jdk1.8.0_25\jre\bin\verify.dll
0x0000000054900000 - 0x0000000054928000 	C:\Program Files\Java\jdk1.8.0_25\jre\bin\java.dll
0x00000000548e0000 - 0x00000000548f6000 	C:\Program Files\Java\jdk1.8.0_25\jre\bin\zip.dll
0x00007ffdce8d0000 - 0x00007ffdcfd06000 	C:\WINDOWS\System32\SHELL32.dll
0x00007ffdd03a0000 - 0x00007ffdd044a000 	C:\WINDOWS\System32\shcore.dll
0x00007ffdcd3d0000 - 0x00007ffdcdac1000 	C:\WINDOWS\System32\windows.storage.dll
0x00007ffdcfd70000 - 0x00007ffdcfdc1000 	C:\WINDOWS\System32\shlwapi.dll
0x00007ffdcd1c0000 - 0x00007ffdcd1d1000 	C:\WINDOWS\System32\kernel.appcore.dll
0x00007ffdcd170000 - 0x00007ffdcd1bc000 	C:\WINDOWS\System32\powrprof.dll
0x00007ffdcd150000 - 0x00007ffdcd165000 	C:\WINDOWS\System32\profapi.dll
0x0000000053430000 - 0x00000000535c8000 	C:\Program Files\Java\jdk1.8.0_25\jre\bin\awt.dll
0x00007ffdce810000 - 0x00007ffdce8d0000 	C:\WINDOWS\System32\OLEAUT32.dll
0x00007ffdcb700000 - 0x00007ffdcb77e000 	C:\WINDOWS\SYSTEM32\apphelp.dll
0x00007ffdcb4d0000 - 0x00007ffdcb4fa000 	C:\WINDOWS\system32\DWMAPI.DLL
0x00007ffdcb940000 - 0x00007ffdcb9d5000 	C:\WINDOWS\system32\uxtheme.dll
0x00000000533e0000 - 0x0000000053427000 	C:\Program Files\Java\jdk1.8.0_25\jre\bin\fontmanager.dll
0x00000000548c0000 - 0x00000000548da000 	C:\Program Files\Java\jdk1.8.0_25\jre\bin\net.dll
0x00007ffdcca60000 - 0x00007ffdccabc000 	C:\WINDOWS\system32\mswsock.dll
0x00000000548a0000 - 0x00000000548b1000 	C:\Program Files\Java\jdk1.8.0_25\jre\bin\nio.dll
0x00007ffdce630000 - 0x00007ffdce796000 	C:\WINDOWS\System32\MSCTF.dll
0x00007ffdcfeb0000 - 0x00007ffdcfff5000 	C:\WINDOWS\System32\ole32.dll
0x00007ffdc4ff0000 - 0x00007ffdc5072000 	C:\WINDOWS\System32\TextInputFramework.dll
0x00007ffdc82c0000 - 0x00007ffdc8592000 	C:\WINDOWS\System32\CoreUIComponents.dll
0x00007ffdca410000 - 0x00007ffdca4f3000 	C:\WINDOWS\System32\CoreMessaging.dll
0x00007ffdcc360000 - 0x00007ffdcc391000 	C:\WINDOWS\SYSTEM32\ntmarta.dll
0x00007ffdc88f0000 - 0x00007ffdc8a29000 	C:\WINDOWS\SYSTEM32\wintypes.dll
0x00007ffdca540000 - 0x00007ffdca555000 	C:\WINDOWS\SYSTEM32\usermgrcli.dll
0x00007ffdccc00000 - 0x00007ffdccc17000 	C:\WINDOWS\SYSTEM32\CRYPTSP.dll
0x00007ffdcc680000 - 0x00007ffdcc6b4000 	C:\WINDOWS\system32\rsaenh.dll
0x00007ffdccd10000 - 0x00007ffdccd35000 	C:\WINDOWS\SYSTEM32\bcrypt.dll
0x00007ffdcd050000 - 0x00007ffdcd079000 	C:\WINDOWS\SYSTEM32\USERENV.dll
0x00007ffdccc20000 - 0x00007ffdccc2b000 	C:\WINDOWS\SYSTEM32\CRYPTBASE.dll
0x00007ffdcc800000 - 0x00007ffdcc837000 	C:\WINDOWS\SYSTEM32\IPHLPAPI.DLL
0x00007ffdce240000 - 0x00007ffdce248000 	C:\WINDOWS\System32\NSI.dll
0x00007ffdc6090000 - 0x00007ffdc60a6000 	C:\WINDOWS\SYSTEM32\dhcpcsvc6.DLL
0x00007ffdc6070000 - 0x00007ffdc608a000 	C:\WINDOWS\SYSTEM32\dhcpcsvc.DLL
0x00007ffdbb970000 - 0x00007ffdbbb19000 	C:\WINDOWS\SYSTEM32\dbghelp.dll

VM Arguments:
jvm_args: -Dfile.encoding=Cp1252 
java_command: com.Engine.engine.Game
java_class_path (initial): C:\Users\Baserfaz\git\ShootEmUp\bin
Launcher Type: SUN_STANDARD

Environment Variables:
PATH=C:/Program Files/Java/jre1.8.0_131/bin/server;C:/Program Files/Java/jre1.8.0_131/bin;C:/Program Files/Java/jre1.8.0_131/lib/amd64;C:\ProgramData\Oracle\Java\javapath;C:\Python27\;C:\Python27\Scripts;C:\Program Files (x86)\Livestreamer;C:\Program Files (x86)\GtkSharp\2.12\bin;C:\Program Files (x86)\Windows Kits\8.1\Windows Performance Toolkit\;C:\WINDOWS\system32;C:\WINDOWS;C:\WINDOWS\System32\Wbem;C:\WINDOWS\System32\WindowsPowerShell\v1.0\;C:\Program Files\IBM\SPSS\Statistics\24\JRE\bin;C:\Program Files\Git\cmd;C:\Program Files (x86)\Skype\Phone\;C:\Program Files\nodejs\;C:\Program Files\TortoiseGit\bin;C:\Users\Baserfaz\AppData\Local\Programs\MiKTeX 2.9\miktex\bin\;C:\Program Files\Java\jdk1.8.0_25\bin;C:\Program Files (x86)\Microsoft Visual Studio 12.0\VC\bin;C:\MinGW\bin;C:\MinGW\msys\1.0\bin;C:\Users\Baserfaz\AppData\Local\Microsoft\WindowsApps;C:\Users\Baserfaz\AppData\Local\atom\bin;C:\sqlite;C:\Users\Baserfaz\AppData\Local\Microsoft\WindowsApps;C:\Users\Baserfaz\AppData\Roaming\npm;C:\Program Files\Microsoft VS Code\bin;C:\Program Files\nodejs;;C:\Users\Baserfaz\Desktop;
USERNAME=Baserfaz
OS=Windows_NT
PROCESSOR_IDENTIFIER=Intel64 Family 6 Model 42 Stepping 7, GenuineIntel



---------------  S Y S T E M  ---------------

OS: Windows 8.1 , 64 bit Build 9600 

CPU:total 4 (4 cores per cpu, 1 threads per core) family 6 model 42 stepping 7, cmov, cx8, fxsr, mmx, sse, sse2, sse3, ssse3, sse4.1, sse4.2, popcnt, avx, aes, clmul, tsc, tscinvbit

Memory: 4k page, physical 12491584k(7940800k free), swap 14392128k(9101024k free)

vm_info: Java HotSpot(TM) 64-Bit Server VM (25.25-b02) for windows-amd64 JRE (1.8.0_25-b18), built on Oct  7 2014 14:25:37 by "java_re" with MS VC++ 10.0 (VS2010)

time: Mon Nov 13 22:18:17 2017
elapsed time: 4 seconds (0d 0h 0m 4s)

